<?xml version="1.0" encoding="UTF-8"?>
<testsuite name="service.ServiceTest" tests="6" skipped="0" failures="0" errors="0" timestamp="2020-11-10T20:07:31" hostname="51734-Axel-Fulop" time="0.014">
  <properties/>
  <testcase name="translateToHuman_200" classname="service.ServiceTest" time="0.001"/>
  <testcase name="translateToHuman_400" classname="service.ServiceTest" time="0.001"/>
  <testcase name="decodeBinToMorse_200" classname="service.ServiceTest" time="0.007"/>
  <testcase name="decodeBinToMorse_400" classname="service.ServiceTest" time="0.001"/>
  <testcase name="translateToMorse_200" classname="service.ServiceTest" time="0.001"/>
  <testcase name="translateToMorse_400" classname="service.ServiceTest" time="0.001"/>
  <system-out><![CDATA[2020-11-10 17:07:31.419  INFO 67535 --- [    Test worker] .b.t.c.SpringBootTestContextBootstrapper : Neither @ContextConfiguration nor @ContextHierarchy found for test class [service.ServiceTest], using SpringBootContextLoader
2020-11-10 17:07:31.420  INFO 67535 --- [    Test worker] o.s.t.c.support.AbstractContextLoader    : Could not detect default resource locations for test class [service.ServiceTest]: no resource found for suffixes {-context.xml, Context.groovy}.
2020-11-10 17:07:31.423  INFO 67535 --- [    Test worker] .b.t.c.SpringBootTestContextBootstrapper : Loaded default TestExecutionListener class names from location [META-INF/spring.factories]: [org.springframework.boot.test.autoconfigure.restdocs.RestDocsTestExecutionListener, org.springframework.boot.test.autoconfigure.web.client.MockRestServiceServerResetTestExecutionListener, org.springframework.boot.test.autoconfigure.web.servlet.MockMvcPrintOnlyOnFailureTestExecutionListener, org.springframework.boot.test.autoconfigure.web.servlet.WebDriverTestExecutionListener, org.springframework.boot.test.mock.mockito.MockitoTestExecutionListener, org.springframework.boot.test.mock.mockito.ResetMocksTestExecutionListener, org.springframework.test.context.web.ServletTestExecutionListener, org.springframework.test.context.support.DirtiesContextBeforeModesTestExecutionListener, org.springframework.test.context.support.DependencyInjectionTestExecutionListener, org.springframework.test.context.support.DirtiesContextTestExecutionListener, org.springframework.test.context.transaction.TransactionalTestExecutionListener, org.springframework.test.context.jdbc.SqlScriptsTestExecutionListener]
2020-11-10 17:07:31.424  INFO 67535 --- [    Test worker] .b.t.c.SpringBootTestContextBootstrapper : Using TestExecutionListeners: [org.springframework.test.context.web.ServletTestExecutionListener@2d67fea5, org.springframework.test.context.support.DirtiesContextBeforeModesTestExecutionListener@14964487, org.springframework.boot.test.mock.mockito.MockitoTestExecutionListener@5ec18462, org.springframework.boot.test.autoconfigure.SpringBootDependencyInjectionTestExecutionListener@4d1996a4, org.springframework.test.context.support.DirtiesContextTestExecutionListener@5f99db74, org.springframework.boot.test.autoconfigure.restdocs.RestDocsTestExecutionListener@798d1e7c, org.springframework.boot.test.autoconfigure.web.client.MockRestServiceServerResetTestExecutionListener@2b3d77bb, org.springframework.boot.test.autoconfigure.web.servlet.MockMvcPrintOnlyOnFailureTestExecutionListener@2a1078ce, org.springframework.boot.test.autoconfigure.web.servlet.WebDriverTestExecutionListener@3bc34483, org.springframework.boot.test.mock.mockito.ResetMocksTestExecutionListener@2a2cd379]

  .   ____          _            __ _ _
 /\\ / ___'_ __ _ _(_)_ __  __ _ \ \ \ \
( ( )\___ | '_ | '_| | '_ \/ _` | \ \ \ \
 \\/  ___)| |_)| | | | | || (_| |  ) ) ) )
  '  |____| .__|_| |_|_| |_\__, | / / / /
 =========|_|==============|___/=/_/_/_/
 :: Spring Boot ::        (v2.0.0.RELEASE)

2020-11-10 17:07:31.439  INFO 67535 --- [    Test worker] service.ServiceTest                      : Starting ServiceTest on 51734-Axel-Fulop with PID 67535 (started by axelfulop in /Users/axelfulop/Desktop/ML-MORSE-JAVA/Morse-ML)
2020-11-10 17:07:31.439  INFO 67535 --- [    Test worker] service.ServiceTest                      : No active profile set, falling back to default profiles: default
2020-11-10 17:07:31.441  INFO 67535 --- [    Test worker] o.s.w.c.s.GenericWebApplicationContext   : Refreshing org.springframework.web.context.support.GenericWebApplicationContext@76eee8df: startup date [Tue Nov 10 17:07:31 ART 2020]; root of context hierarchy
2020-11-10 17:07:31.463  INFO 67535 --- [    Test worker] service.ServiceTest                      : Started ServiceTest in 0.037 seconds (JVM running for 2.122)
]]></system-out>
  <system-err><![CDATA[]]></system-err>
</testsuite>
